/home/nodeusr/Kamesh/newshoonya/H_download_historical_data.py:133: UserWarning: Could not infer format, so each element will be parsed individually, falling back to `dateutil`. To ensure parsing is consistent and as-expected, please specify a format.
  df["Date"] = pd.to_datetime(
/home/nodeusr/Kamesh/newshoonya/H_download_historical_data.py:133: UserWarning: Could not infer format, so each element will be parsed individually, falling back to `dateutil`. To ensure parsing is consistent and as-expected, please specify a format.
  df["Date"] = pd.to_datetime(
/home/nodeusr/Kamesh/newshoonya/H_download_historical_data.py:133: UserWarning: Could not infer format, so each element will be parsed individually, falling back to `dateutil`. To ensure parsing is consistent and as-expected, please specify a format.
  df["Date"] = pd.to_datetime(
/home/nodeusr/Kamesh/newshoonya/H_download_historical_data.py:133: UserWarning: Could not infer format, so each element will be parsed individually, falling back to `dateutil`. To ensure parsing is consistent and as-expected, please specify a format.
  df["Date"] = pd.to_datetime(
/home/nodeusr/Kamesh/newshoonya/H_download_historical_data.py:133: UserWarning: Could not infer format, so each element will be parsed individually, falling back to `dateutil`. To ensure parsing is consistent and as-expected, please specify a format.
  df["Date"] = pd.to_datetime(
/home/nodeusr/Kamesh/newshoonya/H_download_historical_data.py:133: UserWarning: Could not infer format, so each element will be parsed individually, falling back to `dateutil`. To ensure parsing is consistent and as-expected, please specify a format.
  df["Date"] = pd.to_datetime(
/home/nodeusr/Kamesh/newshoonya/H_download_historical_data.py:133: UserWarning: Could not infer format, so each element will be parsed individually, falling back to `dateutil`. To ensure parsing is consistent and as-expected, please specify a format.
  df["Date"] = pd.to_datetime(
/home/nodeusr/Kamesh/newshoonya/H_download_historical_data.py:133: UserWarning: Could not infer format, so each element will be parsed individually, falling back to `dateutil`. To ensure parsing is consistent and as-expected, please specify a format.
  df["Date"] = pd.to_datetime(
/home/nodeusr/Kamesh/newshoonya/H_download_historical_data.py:133: UserWarning: Could not infer format, so each element will be parsed individually, falling back to `dateutil`. To ensure parsing is consistent and as-expected, please specify a format.
  df["Date"] = pd.to_datetime(
/home/nodeusr/Kamesh/newshoonya/H_download_historical_data.py:133: UserWarning: Could not infer format, so each element will be parsed individually, falling back to `dateutil`. To ensure parsing is consistent and as-expected, please specify a format.
  df["Date"] = pd.to_datetime(
/home/nodeusr/Kamesh/newshoonya/H_download_historical_data.py:133: UserWarning: Could not infer format, so each element will be parsed individually, falling back to `dateutil`. To ensure parsing is consistent and as-expected, please specify a format.
  df["Date"] = pd.to_datetime(
/home/nodeusr/Kamesh/newshoonya/H_download_historical_data.py:133: UserWarning: Could not infer format, so each element will be parsed individually, falling back to `dateutil`. To ensure parsing is consistent and as-expected, please specify a format.
  df["Date"] = pd.to_datetime(
/home/nodeusr/Kamesh/newshoonya/H_download_historical_data.py:133: UserWarning: Could not infer format, so each element will be parsed individually, falling back to `dateutil`. To ensure parsing is consistent and as-expected, please specify a format.
  df["Date"] = pd.to_datetime(
/home/nodeusr/Kamesh/newshoonya/H_download_historical_data.py:133: UserWarning: Could not infer format, so each element will be parsed individually, falling back to `dateutil`. To ensure parsing is consistent and as-expected, please specify a format.
  df["Date"] = pd.to_datetime(
/home/nodeusr/Kamesh/newshoonya/H_download_historical_data.py:133: UserWarning: Could not infer format, so each element will be parsed individually, falling back to `dateutil`. To ensure parsing is consistent and as-expected, please specify a format.
  df["Date"] = pd.to_datetime(
/home/nodeusr/Kamesh/newshoonya/H_download_historical_data.py:133: UserWarning: Could not infer format, so each element will be parsed individually, falling back to `dateutil`. To ensure parsing is consistent and as-expected, please specify a format.
  df["Date"] = pd.to_datetime(
/home/nodeusr/Kamesh/newshoonya/H_download_historical_data.py:133: UserWarning: Could not infer format, so each element will be parsed individually, falling back to `dateutil`. To ensure parsing is consistent and as-expected, please specify a format.
  df["Date"] = pd.to_datetime(
/home/nodeusr/Kamesh/newshoonya/H_download_historical_data.py:133: UserWarning: Could not infer format, so each element will be parsed individually, falling back to `dateutil`. To ensure parsing is consistent and as-expected, please specify a format.
  df["Date"] = pd.to_datetime(
/home/nodeusr/Kamesh/newshoonya/H_download_historical_data.py:133: UserWarning: Could not infer format, so each element will be parsed individually, falling back to `dateutil`. To ensure parsing is consistent and as-expected, please specify a format.
  df["Date"] = pd.to_datetime(
/home/nodeusr/Kamesh/newshoonya/H_download_historical_data.py:133: UserWarning: Could not infer format, so each element will be parsed individually, falling back to `dateutil`. To ensure parsing is consistent and as-expected, please specify a format.
  df["Date"] = pd.to_datetime(
API connected
Downloading ZYDUSLIFE (ZYDUSLIFE-EQ)
latest: 2026-07-10, today: 2026-07-13
Downloading ZYDUSLIFE
candles: ['{"time":"13-JUL-2026", "into":"1142.90", "inth":"1155.70", "intl":"1128.50", "intc":"1131.30", "ssboe":"1783900800", "intv":"1514991.00"}', '{"time":"10-JUL-2026", "into":"1161.60", "inth":"1164.90", "intl":"1145.00", "intc":"1150.80", "ssboe":"1783641600", "intv":"824192.00"}']
ZYDUSLIFE: saved 60 rows
Downloading WIPRO (WIPRO-EQ)
latest: 2026-07-10, today: 2026-07-13
Downloading WIPRO
candles: ['{"time":"13-JUL-2026", "into":"174.60", "inth":"179.95", "intl":"174.36", "intc":"178.43", "ssboe":"1783900800", "intv":"22417855.00"}', '{"time":"10-JUL-2026", "into":"175.23", "inth":"177.22", "intl":"175.00", "intc":"175.46", "ssboe":"1783641600", "intv":"16249590.00"}']
WIPRO: saved 60 rows
Downloading VEDL (VEDL-EQ)
latest: 2026-07-10, today: 2026-07-13
Downloading VEDL
candles: ['{"time":"13-JUL-2026", "into":"271.00", "inth":"271.25", "intl":"268.10", "intc":"269.65", "ssboe":"1783900800", "intv":"9688301.00"}', '{"time":"10-JUL-2026", "into":"273.80", "inth":"276.75", "intl":"272.20", "intc":"272.55", "ssboe":"1783641600", "intv":"11889321.00"}']
VEDL: saved 60 rows
Downloading VBL (VBL-EQ)
latest: 2026-07-10, today: 2026-07-13
Downloading VBL
candles: ['{"time":"13-JUL-2026", "into":"477.25", "inth":"478.70", "intl":"464.55", "intc":"469.10", "ssboe":"1783900800", "intv":"7281774.00"}', '{"time":"10-JUL-2026", "into":"485.50", "inth":"488.00", "intl":"475.80", "intc":"478.10", "ssboe":"1783641600", "intv":"9967759.00"}']
VBL: saved 60 rows
Downloading UNIONBANK (UNIONBANK-EQ)
latest: 2026-07-10, today: 2026-07-13
Downloading UNIONBANK
candles: ['{"time":"13-JUL-2026", "into":"163.00", "inth":"170.75", "intl":"162.51", "intc":"170.39", "ssboe":"1783900800", "intv":"30404181.00"}', '{"time":"10-JUL-2026", "into":"157.80", "inth":"165.50", "intl":"157.60", "intc":"164.51", "ssboe":"1783641600", "intv":"24598550.00"}']
UNIONBANK: saved 60 rows
Downloading ULTRACEMCO (ULTRACEMCO-EQ)
latest: 2026-07-10, today: 2026-07-13
Downloading ULTRACEMCO
candles: ['{"time":"13-JUL-2026", "into":"11600.00", "inth":"11639.00", "intl":"11535.00", "intc":"11571.00", "ssboe":"1783900800", "intv":"121301.00"}', '{"time":"10-JUL-2026", "into":"11584.00", "inth":"11725.00", "intl":"11584.00", "intc":"11711.00", "ssboe":"1783641600", "intv":"135130.00"}']
ULTRACEMCO: saved 60 rows
Downloading TVSMOTOR (TVSMOTOR-EQ)
latest: 2026-07-10, today: 2026-07-13
Downloading TVSMOTOR
candles: ['{"time":"13-JUL-2026", "into":"3599.80", "inth":"3695.00", "intl":"3572.80", "intc":"3676.90", "ssboe":"1783900800", "intv":"497827.00"}', '{"time":"10-JUL-2026", "into":"3644.10", "inth":"3668.00", "intl":"3608.60", "intc":"3623.10", "ssboe":"1783641600", "intv":"345846.00"}']
TVSMOTOR: saved 60 rows
Downloading TRENT (TRENT-EQ)
latest: 2026-07-10, today: 2026-07-13
Downloading TRENT
candles: ['{"time":"13-JUL-2026", "into":"2884.00", "inth":"2914.90", "intl":"2862.50", "intc":"2900.10", "ssboe":"1783900800", "intv":"1111293.00"}', '{"time":"10-JUL-2026", "into":"2934.00", "inth":"2938.70", "intl":"2896.80", "intc":"2902.80", "ssboe":"1783641600", "intv":"1093622.00"}']
TRENT: saved 60 rows
Downloading TORNTPHARM (TORNTPHARM-EQ)
latest: 2026-07-10, today: 2026-07-13
Downloading TORNTPHARM
candles: ['{"time":"13-JUL-2026", "into":"4898.70", "inth":"4973.00", "intl":"4861.50", "intc":"4951.10", "ssboe":"1783900800", "intv":"763977.00"}', '{"time":"10-JUL-2026", "into":"4866.00", "inth":"4910.00", "intl":"4778.80", "intc":"4901.50", "ssboe":"1783641600", "intv":"963130.00"}']
TORNTPHARM: saved 60 rows
Downloading TITAN (TITAN-EQ)
latest: 2026-07-10, today: 2026-07-13
Downloading TITAN
candles: ['{"time":"13-JUL-2026", "into":"4578.00", "inth":"4635.00", "intl":"4524.40", "intc":"4601.50", "ssboe":"1783900800", "intv":"770367.00"}', '{"time":"10-JUL-2026", "into":"4578.60", "inth":"4602.80", "intl":"4560.70", "intc":"4584.40", "ssboe":"1783641600", "intv":"652646.00"}']
TITAN: saved 60 rows
Downloading TECHM (TECHM-EQ)
latest: 2026-07-10, today: 2026-07-13
Downloading TECHM
candles: ['{"time":"13-JUL-2026", "into":"1444.20", "inth":"1524.80", "intl":"1444.20", "intc":"1504.50", "ssboe":"1783900800", "intv":"2285072.00"}', '{"time":"10-JUL-2026", "into":"1448.00", "inth":"1478.90", "intl":"1445.30", "intc":"1454.80", "ssboe":"1783641600", "intv":"1732609.00"}']
TECHM: saved 60 rows
Downloading TCS (TCS-EQ)
latest: 2026-07-10, today: 2026-07-13
Downloading TCS
candles: ['{"time":"13-JUL-2026", "into":"2075.00", "inth":"2204.90", "intl":"2065.10", "intc":"2181.50", "ssboe":"1783900800", "intv":"12382622.00"}', '{"time":"10-JUL-2026", "into":"2105.20", "inth":"2133.30", "intl":"2064.60", "intc":"2069.00", "ssboe":"1783641600", "intv":"6714551.00"}']
TCS: saved 60 rows
Downloading TATASTEEL (TATASTEEL-EQ)
latest: 2026-07-10, today: 2026-07-13
Downloading TATASTEEL
candles: ['{"time":"13-JUL-2026", "into":"189.00", "inth":"189.27", "intl":"185.40", "intc":"187.11", "ssboe":"1783900800", "intv":"47597415.00"}', '{"time":"10-JUL-2026", "into":"189.68", "inth":"193.30", "intl":"188.74", "intc":"191.19", "ssboe":"1783641600", "intv":"23145573.00"}']
TATASTEEL: saved 60 rows
Downloading TATAPOWER (TATAPOWER-EQ)
latest: 2026-07-10, today: 2026-07-13
Downloading TATAPOWER
candles: ['{"time":"13-JUL-2026", "into":"379.70", "inth":"379.85", "intl":"375.40", "intc":"377.85", "ssboe":"1783900800", "intv":"3204238.00"}', '{"time":"10-JUL-2026", "into":"376.50", "inth":"382.80", "intl":"376.15", "intc":"381.30", "ssboe":"1783641600", "intv":"3546184.00"}']
TATAPOWER: saved 60 rows
Downloading TATACONSUM (TATACONSUM-EQ)
latest: 2026-07-10, today: 2026-07-13
Downloading TATACONSUM
candles: ['{"time":"13-JUL-2026", "into":"1105.60", "inth":"1106.60", "intl":"1092.10", "intc":"1098.60", "ssboe":"1783900800", "intv":"1072732.00"}', '{"time":"10-JUL-2026", "into":"1105.00", "inth":"1117.70", "intl":"1105.00", "intc":"1111.90", "ssboe":"1783641600", "intv":"1189725.00"}']
TATACONSUM: saved 60 rows
Downloading SUNPHARMA (SUNPHARMA-EQ)
latest: 2026-07-10, today: 2026-07-13
Downloading SUNPHARMA
candles: ['{"time":"13-JUL-2026", "into":"1925.90", "inth":"1933.10", "intl":"1911.00", "intc":"1921.40", "ssboe":"1783900800", "intv":"1573176.00"}', '{"time":"10-JUL-2026", "into":"1942.80", "inth":"1953.90", "intl":"1926.60", "intc":"1935.50", "ssboe":"1783641600", "intv":"1478172.00"}']
SUNPHARMA: saved 60 rows
Downloading SRF (SRF-EQ)
latest: 2026-07-10, today: 2026-07-13
Downloading SRF
candles: ['{"time":"13-JUL-2026", "into":"2777.60", "inth":"2780.40", "intl":"2739.00", "intc":"2741.60", "ssboe":"1783900800", "intv":"122987.00"}', '{"time":"10-JUL-2026", "into":"2779.00", "inth":"2799.90", "intl":"2765.30", "intc":"2774.60", "ssboe":"1783641600", "intv":"104341.00"}']
SRF: saved 60 rows
Downloading SIEMENS (SIEMENS-EQ)
latest: 2026-07-10, today: 2026-07-13
Downloading SIEMENS
candles: ['{"time":"13-JUL-2026", "into":"3479.30", "inth":"3498.00", "intl":"3440.50", "intc":"3477.80", "ssboe":"1783900800", "intv":"231661.00"}', '{"time":"10-JUL-2026", "into":"3490.70", "inth":"3542.00", "intl":"3486.00", "intc":"3496.50", "ssboe":"1783641600", "intv":"231262.00"}']
SIEMENS: saved 60 rows
Downloading SHRIRAMFIN (SHRIRAMFIN-EQ)
latest: 2026-07-10, today: 2026-07-13
Downloading SHRIRAMFIN
candles: ['{"time":"13-JUL-2026", "into":"1019.90", "inth":"1053.10", "intl":"1017.00", "intc":"1048.10", "ssboe":"1783900800", "intv":"3212203.00"}', '{"time":"10-JUL-2026", "into":"1049.00", "inth":"1052.00", "intl":"1039.00", "intc":"1044.10", "ssboe":"1783641600", "intv":"2773485.00"}']
SHRIRAMFIN: saved 60 rows
Downloading SBIN (SBIN-EQ)
latest: 2026-07-10, today: 2026-07-13
Downloading SBIN
candles: ['{"time":"13-JUL-2026", "into":"1023.50", "inth":"1042.90", "intl":"1022.10", "intc":"1037.00", "ssboe":"1783900800", "intv":"8381510.00"}', '{"time":"10-JUL-2026", "into":"1029.50", "inth":"1047.80", "intl":"1023.50", "intc":"1036.00", "ssboe":"1783641600", "intv":"8792150.00"}']
SBIN: saved 60 rows
Downloading SBILIFE (SBILIFE-EQ)
latest: 2026-07-10, today: 2026-07-13
Downloading SBILIFE
/home/nodeusr/Kamesh/newshoonya/H_download_historical_data.py:133: UserWarning: Could not infer format, so each element will be parsed individually, falling back to `dateutil`. To ensure parsing is consistent and as-expected, please specify a format.
  df["Date"] = pd.to_datetime(
/home/nodeusr/Kamesh/newshoonya/H_download_historical_data.py:133: UserWarning: Could not infer format, so each element will be parsed individually, falling back to `dateutil`. To ensure parsing is consistent and as-expected, please specify a format.
  df["Date"] = pd.to_datetime(
/home/nodeusr/Kamesh/newshoonya/H_download_historical_data.py:133: UserWarning: Could not infer format, so each element will be parsed individually, falling back to `dateutil`. To ensure parsing is consistent and as-expected, please specify a format.
  df["Date"] = pd.to_datetime(
/home/nodeusr/Kamesh/newshoonya/H_download_historical_data.py:133: UserWarning: Could not infer format, so each element will be parsed individually, falling back to `dateutil`. To ensure parsing is consistent and as-expected, please specify a format.
  df["Date"] = pd.to_datetime(
/home/nodeusr/Kamesh/newshoonya/H_download_historical_data.py:133: UserWarning: Could not infer format, so each element will be parsed individually, falling back to `dateutil`. To ensure parsing is consistent and as-expected, please specify a format.
  df["Date"] = pd.to_datetime(
/home/nodeusr/Kamesh/newshoonya/H_download_historical_data.py:133: UserWarning: Could not infer format, so each element will be parsed individually, falling back to `dateutil`. To ensure parsing is consistent and as-expected, please specify a format.
  df["Date"] = pd.to_datetime(
/home/nodeusr/Kamesh/newshoonya/H_download_historical_data.py:133: UserWarning: Could not infer format, so each element will be parsed individually, falling back to `dateutil`. To ensure parsing is consistent and as-expected, please specify a format.
  df["Date"] = pd.to_datetime(
/home/nodeusr/Kamesh/newshoonya/H_download_historical_data.py:133: UserWarning: Could not infer format, so each element will be parsed individually, falling back to `dateutil`. To ensure parsing is consistent and as-expected, please specify a format.
  df["Date"] = pd.to_datetime(
/home/nodeusr/Kamesh/newshoonya/H_download_historical_data.py:133: UserWarning: Could not infer format, so each element will be parsed individually, falling back to `dateutil`. To ensure parsing is consistent and as-expected, please specify a format.
  df["Date"] = pd.to_datetime(
/home/nodeusr/Kamesh/newshoonya/H_download_historical_data.py:133: UserWarning: Could not infer format, so each element will be parsed individually, falling back to `dateutil`. To ensure parsing is consistent and as-expected, please specify a format.
  df["Date"] = pd.to_datetime(
/home/nodeusr/Kamesh/newshoonya/H_download_historical_data.py:133: UserWarning: Could not infer format, so each element will be parsed individually, falling back to `dateutil`. To ensure parsing is consistent and as-expected, please specify a format.
  df["Date"] = pd.to_datetime(
/home/nodeusr/Kamesh/newshoonya/H_download_historical_data.py:133: UserWarning: Could not infer format, so each element will be parsed individually, falling back to `dateutil`. To ensure parsing is consistent and as-expected, please specify a format.
  df["Date"] = pd.to_datetime(
/home/nodeusr/Kamesh/newshoonya/H_download_historical_data.py:133: UserWarning: Could not infer format, so each element will be parsed individually, falling back to `dateutil`. To ensure parsing is consistent and as-expected, please specify a format.
  df["Date"] = pd.to_datetime(
/home/nodeusr/Kamesh/newshoonya/H_download_historical_data.py:133: UserWarning: Could not infer format, so each element will be parsed individually, falling back to `dateutil`. To ensure parsing is consistent and as-expected, please specify a format.
  df["Date"] = pd.to_datetime(
/home/nodeusr/Kamesh/newshoonya/H_download_historical_data.py:133: UserWarning: Could not infer format, so each element will be parsed individually, falling back to `dateutil`. To ensure parsing is consistent and as-expected, please specify a format.
  df["Date"] = pd.to_datetime(
/home/nodeusr/Kamesh/newshoonya/H_download_historical_data.py:133: UserWarning: Could not infer format, so each element will be parsed individually, falling back to `dateutil`. To ensure parsing is consistent and as-expected, please specify a format.
  df["Date"] = pd.to_datetime(
/home/nodeusr/Kamesh/newshoonya/H_download_historical_data.py:133: UserWarning: Could not infer format, so each element will be parsed individually, falling back to `dateutil`. To ensure parsing is consistent and as-expected, please specify a format.
  df["Date"] = pd.to_datetime(
/home/nodeusr/Kamesh/newshoonya/H_download_historical_data.py:133: UserWarning: Could not infer format, so each element will be parsed individually, falling back to `dateutil`. To ensure parsing is consistent and as-expected, please specify a format.
  df["Date"] = pd.to_datetime(
/home/nodeusr/Kamesh/newshoonya/H_download_historical_data.py:133: UserWarning: Could not infer format, so each element will be parsed individually, falling back to `dateutil`. To ensure parsing is consistent and as-expected, please specify a format.
  df["Date"] = pd.to_datetime(
/home/nodeusr/Kamesh/newshoonya/H_download_historical_data.py:133: UserWarning: Could not infer format, so each element will be parsed individually, falling back to `dateutil`. To ensure parsing is consistent and as-expected, please specify a format.
  df["Date"] = pd.to_datetime(
candles: ['{"time":"13-JUL-2026", "into":"1850.00", "inth":"1861.00", "intl":"1832.10", "intc":"1855.90", "ssboe":"1783900800", "intv":"455392.00"}', '{"time":"10-JUL-2026", "into":"1830.70", "inth":"1866.00", "intl":"1830.70", "intc":"1862.90", "ssboe":"1783641600", "intv":"828830.00"}']
SBILIFE: saved 60 rows
Downloading RELIANCE (RELIANCE-EQ)
latest: 2026-07-10, today: 2026-07-13
Downloading RELIANCE
candles: ['{"time":"13-JUL-2026", "into":"1300.00", "inth":"1306.40", "intl":"1295.00", "intc":"1296.90", "ssboe":"1783900800", "intv":"9488352.00"}', '{"time":"10-JUL-2026", "into":"1291.90", "inth":"1311.10", "intl":"1287.80", "intc":"1307.80", "ssboe":"1783641600", "intv":"8412537.00"}']
RELIANCE: saved 60 rows
Downloading RECLTD (RECLTD-EQ)
latest: 2026-07-10, today: 2026-07-13
Downloading RECLTD
candles: ['{"time":"13-JUL-2026", "into":"349.10", "inth":"352.60", "intl":"347.30", "intc":"351.05", "ssboe":"1783900800", "intv":"3848578.00"}', '{"time":"10-JUL-2026", "into":"354.00", "inth":"356.65", "intl":"350.75", "intc":"351.95", "ssboe":"1783641600", "intv":"4023218.00"}']
RECLTD: saved 60 rows
Downloading POWERGRID (POWERGRID-EQ)
latest: 2026-07-10, today: 2026-07-13
Downloading POWERGRID
candles: ['{"time":"13-JUL-2026", "into":"282.80", "inth":"286.45", "intl":"281.65", "intc":"286.00", "ssboe":"1783900800", "intv":"8083023.00"}', '{"time":"10-JUL-2026", "into":"283.10", "inth":"283.80", "intl":"281.35", "intc":"283.10", "ssboe":"1783641600", "intv":"6812700.00"}']
POWERGRID: saved 60 rows
Downloading PNB (PNB-EQ)
latest: 2026-07-10, today: 2026-07-13
Downloading PNB
candles: ['{"time":"13-JUL-2026", "into":"104.60", "inth":"106.45", "intl":"104.00", "intc":"106.34", "ssboe":"1783900800", "intv":"11968478.00"}', '{"time":"10-JUL-2026", "into":"104.10", "inth":"107.55", "intl":"103.71", "intc":"105.41", "ssboe":"1783641600", "intv":"27098775.00"}']
PNB: saved 60 rows
Downloading PIDILITIND (PIDILITIND-EQ)
latest: 2026-07-10, today: 2026-07-13
Downloading PIDILITIND
candles: ['{"time":"13-JUL-2026", "into":"1578.90", "inth":"1583.20", "intl":"1559.60", "intc":"1580.70", "ssboe":"1783900800", "intv":"617150.00"}', '{"time":"10-JUL-2026", "into":"1604.00", "inth":"1613.80", "intl":"1585.80", "intc":"1598.50", "ssboe":"1783641600", "intv":"738374.00"}']
PIDILITIND: saved 60 rows
Downloading ONGC (ONGC-EQ)
latest: 2026-07-10, today: 2026-07-13
Downloading ONGC
candles: ['{"time":"13-JUL-2026", "into":"246.30", "inth":"249.25", "intl":"245.55", "intc":"248.45", "ssboe":"1783900800", "intv":"12453319.00"}', '{"time":"10-JUL-2026", "into":"243.65", "inth":"245.39", "intl":"243.41", "intc":"244.96", "ssboe":"1783641600", "intv":"8237303.00"}']
ONGC: saved 60 rows
Downloading NTPC (NTPC-EQ)
latest: 2026-07-10, today: 2026-07-13
Downloading NTPC
candles: ['{"time":"13-JUL-2026", "into":"345.05", "inth":"355.00", "intl":"343.70", "intc":"351.75", "ssboe":"1783900800", "intv":"8226337.00"}', '{"time":"10-JUL-2026", "into":"344.50", "inth":"348.80", "intl":"343.20", "intc":"344.55", "ssboe":"1783641600", "intv":"13016441.00"}']
NTPC: saved 60 rows
Downloading NHPC (NHPC-EQ)
latest: 2026-07-10, today: 2026-07-13
Downloading NHPC
candles: ['{"time":"13-JUL-2026", "into":"78.75", "inth":"79.77", "intl":"78.53", "intc":"79.46", "ssboe":"1783900800", "intv":"15935734.00"}', '{"time":"10-JUL-2026", "into":"78.85", "inth":"79.95", "intl":"78.85", "intc":"79.82", "ssboe":"1783641600", "intv":"6253523.00"}']
NHPC: saved 60 rows
Downloading NESTLEIND (NESTLEIND-EQ)
latest: 2026-07-10, today: 2026-07-13
Downloading NESTLEIND
candles: ['{"time":"13-JUL-2026", "into":"1452.30", "inth":"1452.30", "intl":"1420.10", "intc":"1427.00", "ssboe":"1783900800", "intv":"2167829.00"}', '{"time":"10-JUL-2026", "into":"1467.00", "inth":"1471.30", "intl":"1448.30", "intc":"1455.20", "ssboe":"1783641600", "intv":"1563905.00"}']
NESTLEIND: saved 60 rows
Downloading NAUKRI (NAUKRI-EQ)
latest: 2026-07-10, today: 2026-07-13
Downloading NAUKRI
candles: ['{"time":"13-JUL-2026", "into":"1191.00", "inth":"1206.75", "intl":"1180.30", "intc":"1191.05", "ssboe":"1783900800", "intv":"1659497.00"}', '{"time":"10-JUL-2026", "into":"1215.00", "inth":"1229.10", "intl":"1201.10", "intc":"1204.05", "ssboe":"1783641600", "intv":"2000844.00"}']
NAUKRI: saved 60 rows
Downloading MOTHERSON (MOTHERSON-EQ)
latest: 2026-07-10, today: 2026-07-13
Downloading MOTHERSON
candles: ['{"time":"13-JUL-2026", "into":"142.05", "inth":"144.75", "intl":"141.06", "intc":"144.06", "ssboe":"1783900800", "intv":"14294629.00"}', '{"time":"10-JUL-2026", "into":"144.20", "inth":"144.85", "intl":"142.62", "intc":"143.19", "ssboe":"1783641600", "intv":"8178532.00"}']
MOTHERSON: saved 60 rows
Downloading MAXHEALTH (MAXHEALTH-EQ)
latest: 2026-07-10, today: 2026-07-13
Downloading MAXHEALTH
candles: ['{"time":"13-JUL-2026", "into":"1107.10", "inth":"1118.00", "intl":"1094.20", "intc":"1106.20", "ssboe":"1783900800", "intv":"1676994.00"}', '{"time":"10-JUL-2026", "into":"1102.30", "inth":"1114.40", "intl":"1085.00", "intc":"1108.10", "ssboe":"1783641600", "intv":"1749088.00"}']
MAXHEALTH: saved 60 rows
Downloading MARUTI (MARUTI-EQ)
latest: 2026-07-10, today: 2026-07-13
Downloading MARUTI
candles: ['{"time":"13-JUL-2026", "into":"13682.00", "inth":"13841.00", "intl":"13536.00", "intc":"13695.00", "ssboe":"1783900800", "intv":"458633.00"}', '{"time":"10-JUL-2026", "into":"13800.00", "inth":"13987.00", "intl":"13776.00", "intc":"13854.00", "ssboe":"1783641600", "intv":"430154.00"}']
MARUTI: saved 60 rows
Downloading MARICO (MARICO-EQ)
latest: 2026-07-10, today: 2026-07-13
Downloading MARICO
candles: ['{"time":"13-JUL-2026", "into":"850.00", "inth":"853.10", "intl":"841.75", "intc":"846.75", "ssboe":"1783900800", "intv":"1169864.00"}', '{"time":"10-JUL-2026", "into":"863.90", "inth":"863.90", "intl":"847.30", "intc":"852.50", "ssboe":"1783641600", "intv":"1338643.00"}']
MARICO: saved 60 rows
Downloading MANKIND (MANKIND-EQ)
latest: 2026-07-10, today: 2026-07-13
Downloading MANKIND
candles: ['{"time":"13-JUL-2026", "into":"2525.10", "inth":"2535.50", "intl":"2493.50", "intc":"2507.50", "ssboe":"1783900800", "intv":"289767.00"}', '{"time":"10-JUL-2026", "into":"2543.10", "inth":"2572.00", "intl":"2510.60", "intc":"2525.10", "ssboe":"1783641600", "intv":"524763.00"}']
MANKIND: saved 60 rows
Downloading LT (LT-EQ)
latest: 2026-07-10, today: 2026-07-13
Downloading LT
candles: ['{"time":"13-JUL-2026", "into":"3895.00", "inth":"3939.00", "intl":"3875.60", "intc":"3928.50", "ssboe":"1783900800", "intv":"1744547.00"}', '{"time":"10-JUL-2026", "into":"3905.00", "inth":"3953.80", "intl":"3905.00", "intc":"3945.80", "ssboe":"1783641600", "intv":"1283990.00"}']
LT: saved 60 rows
Downloading LODHA (LODHA-EQ)
latest: 2026-07-10, today: 2026-07-13
Downloading LODHA
candles: ['{"time":"13-JUL-2026", "into":"1206.00", "inth":"1219.95", "intl":"1183.10", "intc":"1198.65", "ssboe":"1783900800", "intv":"2250980.00"}', '{"time":"10-JUL-2026", "into":"1190.00", "inth":"1225.20", "intl":"1139.15", "intc":"1220.75", "ssboe":"1783641600", "intv":"6417760.00"}']
LODHA: saved 60 rows
Downloading LICHSGFIN (LICHSGFIN-EQ)
latest: 2026-07-10, today: 2026-07-13
Downloading LICHSGFIN
candles: ['{"time":"13-JUL-2026", "into":"546.25", "inth":"554.90", "intl":"543.05", "intc":"551.90", "ssboe":"1783900800", "intv":"1885782.00"}', '{"time":"10-JUL-2026", "into":"541.00", "inth":"553.70", "intl":"541.00", "intc":"549.15", "ssboe":"1783641600", "intv":"1462462.00"}']
LICHSGFIN: saved 60 rows
Downloading KOTAKBANK (KOTAKBANK-EQ)
latest: 2026-07-10, today: 2026-07-13
Downloading KOTAKBANK
candles: ['{"time":"13-JUL-2026", "into":"375.80", "inth":"385.15", "intl":"375.10", "intc":"384.65", "ssboe":"1783900800", "intv":"14167721.00"}', '{"time":"10-JUL-2026", "into":"377.45", "inth":"381.15", "intl":"376.90", "intc":"377.60", "ssboe":"1783641600", "intv":"15468937.00"}']
KOTAKBANK: saved 60 rows
Downloading JSWSTEEL (JSWSTEEL-EQ)
latest: 2026-07-10, today: 2026-07-13
Downloading JSWSTEEL
/home/nodeusr/Kamesh/newshoonya/H_download_historical_data.py:133: UserWarning: Could not infer format, so each element will be parsed individually, falling back to `dateutil`. To ensure parsing is consistent and as-expected, please specify a format.
  df["Date"] = pd.to_datetime(
/home/nodeusr/Kamesh/newshoonya/H_download_historical_data.py:133: UserWarning: Could not infer format, so each element will be parsed individually, falling back to `dateutil`. To ensure parsing is consistent and as-expected, please specify a format.
  df["Date"] = pd.to_datetime(
/home/nodeusr/Kamesh/newshoonya/H_download_historical_data.py:133: UserWarning: Could not infer format, so each element will be parsed individually, falling back to `dateutil`. To ensure parsing is consistent and as-expected, please specify a format.
  df["Date"] = pd.to_datetime(
/home/nodeusr/Kamesh/newshoonya/H_download_historical_data.py:133: UserWarning: Could not infer format, so each element will be parsed individually, falling back to `dateutil`. To ensure parsing is consistent and as-expected, please specify a format.
  df["Date"] = pd.to_datetime(
/home/nodeusr/Kamesh/newshoonya/H_download_historical_data.py:133: UserWarning: Could not infer format, so each element will be parsed individually, falling back to `dateutil`. To ensure parsing is consistent and as-expected, please specify a format.
  df["Date"] = pd.to_datetime(
/home/nodeusr/Kamesh/newshoonya/H_download_historical_data.py:133: UserWarning: Could not infer format, so each element will be parsed individually, falling back to `dateutil`. To ensure parsing is consistent and as-expected, please specify a format.
  df["Date"] = pd.to_datetime(
/home/nodeusr/Kamesh/newshoonya/H_download_historical_data.py:133: UserWarning: Could not infer format, so each element will be parsed individually, falling back to `dateutil`. To ensure parsing is consistent and as-expected, please specify a format.
  df["Date"] = pd.to_datetime(
/home/nodeusr/Kamesh/newshoonya/H_download_historical_data.py:133: UserWarning: Could not infer format, so each element will be parsed individually, falling back to `dateutil`. To ensure parsing is consistent and as-expected, please specify a format.
  df["Date"] = pd.to_datetime(
/home/nodeusr/Kamesh/newshoonya/H_download_historical_data.py:133: UserWarning: Could not infer format, so each element will be parsed individually, falling back to `dateutil`. To ensure parsing is consistent and as-expected, please specify a format.
  df["Date"] = pd.to_datetime(
/home/nodeusr/Kamesh/newshoonya/H_download_historical_data.py:133: UserWarning: Could not infer format, so each element will be parsed individually, falling back to `dateutil`. To ensure parsing is consistent and as-expected, please specify a format.
  df["Date"] = pd.to_datetime(
/home/nodeusr/Kamesh/newshoonya/H_download_historical_data.py:133: UserWarning: Could not infer format, so each element will be parsed individually, falling back to `dateutil`. To ensure parsing is consistent and as-expected, please specify a format.
  df["Date"] = pd.to_datetime(
/home/nodeusr/Kamesh/newshoonya/H_download_historical_data.py:133: UserWarning: Could not infer format, so each element will be parsed individually, falling back to `dateutil`. To ensure parsing is consistent and as-expected, please specify a format.
  df["Date"] = pd.to_datetime(
/home/nodeusr/Kamesh/newshoonya/H_download_historical_data.py:133: UserWarning: Could not infer format, so each element will be parsed individually, falling back to `dateutil`. To ensure parsing is consistent and as-expected, please specify a format.
  df["Date"] = pd.to_datetime(
/home/nodeusr/Kamesh/newshoonya/H_download_historical_data.py:133: UserWarning: Could not infer format, so each element will be parsed individually, falling back to `dateutil`. To ensure parsing is consistent and as-expected, please specify a format.
  df["Date"] = pd.to_datetime(
/home/nodeusr/Kamesh/newshoonya/H_download_historical_data.py:133: UserWarning: Could not infer format, so each element will be parsed individually, falling back to `dateutil`. To ensure parsing is consistent and as-expected, please specify a format.
  df["Date"] = pd.to_datetime(
/home/nodeusr/Kamesh/newshoonya/H_download_historical_data.py:133: UserWarning: Could not infer format, so each element will be parsed individually, falling back to `dateutil`. To ensure parsing is consistent and as-expected, please specify a format.
  df["Date"] = pd.to_datetime(
/home/nodeusr/Kamesh/newshoonya/H_download_historical_data.py:133: UserWarning: Could not infer format, so each element will be parsed individually, falling back to `dateutil`. To ensure parsing is consistent and as-expected, please specify a format.
  df["Date"] = pd.to_datetime(
/home/nodeusr/Kamesh/newshoonya/H_download_historical_data.py:133: UserWarning: Could not infer format, so each element will be parsed individually, falling back to `dateutil`. To ensure parsing is consistent and as-expected, please specify a format.
  df["Date"] = pd.to_datetime(
/home/nodeusr/Kamesh/newshoonya/H_download_historical_data.py:133: UserWarning: Could not infer format, so each element will be parsed individually, falling back to `dateutil`. To ensure parsing is consistent and as-expected, please specify a format.
  df["Date"] = pd.to_datetime(
/home/nodeusr/Kamesh/newshoonya/H_download_historical_data.py:133: UserWarning: Could not infer format, so each element will be parsed individually, falling back to `dateutil`. To ensure parsing is consistent and as-expected, please specify a format.
  df["Date"] = pd.to_datetime(
candles: ['{"time":"13-JUL-2026", "into":"1235.20", "inth":"1240.10", "intl":"1220.40", "intc":"1237.40", "ssboe":"1783900800", "intv":"1403822.00"}', '{"time":"10-JUL-2026", "into":"1232.30", "inth":"1259.00", "intl":"1232.30", "intc":"1245.40", "ssboe":"1783641600", "intv":"1504035.00"}']
JSWSTEEL: saved 60 rows
Downloading JIOFIN (JIOFIN-EQ)
latest: 2026-07-10, today: 2026-07-13
Downloading JIOFIN
candles: ['{"time":"13-JUL-2026", "into":"239.80", "inth":"243.48", "intl":"239.35", "intc":"241.41", "ssboe":"1783900800", "intv":"13432355.00"}', '{"time":"10-JUL-2026", "into":"235.00", "inth":"243.50", "intl":"233.95", "intc":"241.96", "ssboe":"1783641600", "intv":"27714158.00"}']
JIOFIN: saved 60 rows
Downloading JINDALSTEL (JINDALSTEL-EQ)
latest: 2026-07-10, today: 2026-07-13
Downloading JINDALSTEL
candles: ['{"time":"13-JUL-2026", "into":"1044.30", "inth":"1044.30", "intl":"1010.10", "intc":"1028.80", "ssboe":"1783900800", "intv":"1907483.00"}', '{"time":"10-JUL-2026", "into":"1044.40", "inth":"1063.60", "intl":"1038.50", "intc":"1051.30", "ssboe":"1783641600", "intv":"1175870.00"}']
JINDALSTEL: saved 60 rows
Downloading ITC (ITC-EQ)
latest: 2026-07-10, today: 2026-07-13
Downloading ITC
candles: ['{"time":"13-JUL-2026", "into":"281.35", "inth":"281.50", "intl":"279.50", "intc":"279.65", "ssboe":"1783900800", "intv":"12559492.00"}', '{"time":"10-JUL-2026", "into":"282.85", "inth":"283.65", "intl":"280.85", "intc":"281.75", "ssboe":"1783641600", "intv":"11774274.00"}']
ITC: saved 60 rows
Downloading IRFC (IRFC-EQ)
latest: 2026-07-10, today: 2026-07-13
Downloading IRFC
candles: ['{"time":"13-JUL-2026", "into":"89.90", "inth":"89.90", "intl":"88.72", "intc":"89.75", "ssboe":"1783900800", "intv":"6101114.00"}', '{"time":"10-JUL-2026", "into":"88.41", "inth":"90.00", "intl":"88.31", "intc":"89.90", "ssboe":"1783641600", "intv":"9078755.00"}']
IRFC: saved 60 rows
Downloading IOC (IOC-EQ)
latest: 2026-07-10, today: 2026-07-13
Downloading IOC
candles: ['{"time":"13-JUL-2026", "into":"137.00", "inth":"140.17", "intl":"136.62", "intc":"139.95", "ssboe":"1783900800", "intv":"11620086.00"}', '{"time":"10-JUL-2026", "into":"139.38", "inth":"140.55", "intl":"138.70", "intc":"138.96", "ssboe":"1783641600", "intv":"8402022.00"}']
IOC: saved 60 rows
Downloading INFY (INFY-EQ)
latest: 2026-07-10, today: 2026-07-13
Downloading INFY
candles: ['{"time":"13-JUL-2026", "into":"1057.10", "inth":"1114.90", "intl":"1057.10", "intc":"1102.60", "ssboe":"1783900800", "intv":"20994760.00"}', '{"time":"10-JUL-2026", "into":"1075.00", "inth":"1091.30", "intl":"1064.70", "intc":"1068.00", "ssboe":"1783641600", "intv":"9747266.00"}']
INFY: saved 60 rows
Downloading INDUSINDBK (INDUSINDBK-EQ)
latest: 2026-07-10, today: 2026-07-13
Downloading INDUSINDBK
candles: ['{"time":"13-JUL-2026", "into":"1010.00", "inth":"1018.20", "intl":"1000.55", "intc":"1012.90", "ssboe":"1783900800", "intv":"862018.00"}', '{"time":"10-JUL-2026", "into":"1019.70", "inth":"1031.65", "intl":"1013.70", "intc":"1015.80", "ssboe":"1783641600", "intv":"1084109.00"}']
INDUSINDBK: saved 60 rows
Downloading INDIGO (INDIGO-EQ)
latest: 2026-07-10, today: 2026-07-13
Downloading INDIGO
candles: ['{"time":"13-JUL-2026", "into":"5175.00", "inth":"5248.00", "intl":"5141.50", "intc":"5229.50", "ssboe":"1783900800", "intv":"659838.00"}', '{"time":"10-JUL-2026", "into":"5260.00", "inth":"5363.00", "intl":"5260.00", "intc":"5312.00", "ssboe":"1783641600", "intv":"458026.00"}']
INDIGO: saved 60 rows
Downloading INDHOTEL (INDHOTEL-EQ)
latest: 2026-07-10, today: 2026-07-13
Downloading INDHOTEL
candles: ['{"time":"13-JUL-2026", "into":"748.25", "inth":"750.90", "intl":"736.35", "intc":"738.55", "ssboe":"1783900800", "intv":"3853243.00"}', '{"time":"10-JUL-2026", "into":"737.00", "inth":"754.00", "intl":"731.60", "intc":"752.30", "ssboe":"1783641600", "intv":"3032002.00"}']
INDHOTEL: saved 60 rows
Downloading ICICIPRULI (ICICIPRULI-EQ)
latest: 2026-07-10, today: 2026-07-13
Downloading ICICIPRULI
candles: ['{"time":"13-JUL-2026", "into":"510.00", "inth":"527.50", "intl":"506.50", "intc":"519.70", "ssboe":"1783900800", "intv":"2214317.00"}', '{"time":"10-JUL-2026", "into":"492.00", "inth":"515.50", "intl":"491.95", "intc":"510.35", "ssboe":"1783641600", "intv":"2917046.00"}']
ICICIPRULI: saved 60 rows
Downloading ICICIBANK (ICICIBANK-EQ)
latest: 2026-07-10, today: 2026-07-13
Downloading ICICIBANK
candles: ['{"time":"13-JUL-2026", "into":"1393.50", "inth":"1413.00", "intl":"1386.30", "intc":"1409.50", "ssboe":"1783900800", "intv":"10091437.00"}', '{"time":"10-JUL-2026", "into":"1389.70", "inth":"1408.20", "intl":"1389.60", "intc":"1401.20", "ssboe":"1783641600", "intv":"6409645.00"}']
ICICIBANK: saved 60 rows
Downloading HYUNDAI (HYUNDAI-EQ)
latest: 2026-07-10, today: 2026-07-13
Downloading HYUNDAI
candles: ['{"time":"13-JUL-2026", "into":"1955.00", "inth":"2000.10", "intl":"1943.50", "intc":"1994.40", "ssboe":"1783900800", "intv":"450442.00"}', '{"time":"10-JUL-2026", "into":"1936.90", "inth":"1996.00", "intl":"1931.10", "intc":"1984.90", "ssboe":"1783641600", "intv":"366401.00"}']
HYUNDAI: saved 60 rows
Downloading HINDUNILVR (HINDUNILVR-EQ)
latest: 2026-07-10, today: 2026-07-13
Downloading HINDUNILVR
candles: ['{"time":"13-JUL-2026", "into":"2143.00", "inth":"2143.00", "intl":"2120.00", "intc":"2130.60", "ssboe":"1783900800", "intv":"1833988.00"}', '{"time":"10-JUL-2026", "into":"2151.50", "inth":"2178.00", "intl":"2145.00", "intc":"2150.60", "ssboe":"1783641600", "intv":"1665179.00"}']
HINDUNILVR: saved 60 rows
Downloading HINDALCO (HINDALCO-EQ)
latest: 2026-07-10, today: 2026-07-13
Downloading HINDALCO
candles: ['{"time":"13-JUL-2026", "into":"963.10", "inth":"971.70", "intl":"956.45", "intc":"966.85", "ssboe":"1783900800", "intv":"4070887.00"}', '{"time":"10-JUL-2026", "into":"976.00", "inth":"985.60", "intl":"964.70", "intc":"967.45", "ssboe":"1783641600", "intv":"5859033.00"}']
HINDALCO: saved 60 rows
Downloading HEROMOTOCO (HEROMOTOCO-EQ)
latest: 2026-07-10, today: 2026-07-13
Downloading HEROMOTOCO
candles: ['{"time":"13-JUL-2026", "into":"4917.60", "inth":"4967.00", "intl":"4871.00", "intc":"4952.10", "ssboe":"1783900800", "intv":"508201.00"}', '{"time":"10-JUL-2026", "into":"4923.40", "inth":"4968.00", "intl":"4888.10", "intc":"4949.10", "ssboe":"1783641600", "intv":"686707.00"}']
HEROMOTOCO: saved 60 rows
Downloading HDFCBANK (HDFCBANK-EQ)
latest: 2026-07-10, today: 2026-07-13
Downloading HDFCBANK
candles: ['{"time":"13-JUL-2026", "into":"817.00", "inth":"821.95", "intl":"811.00", "intc":"817.95", "ssboe":"1783900800", "intv":"21741736.00"}', '{"time":"10-JUL-2026", "into":"824.00", "inth":"827.70", "intl":"820.30", "intc":"824.95", "ssboe":"1783641600", "intv":"23595785.00"}']
HDFCBANK: saved 60 rows
Downloading HCLTECH (HCLTECH-EQ)
latest: 2026-07-10, today: 2026-07-13
Downloading HCLTECH
candles: ['{"time":"13-JUL-2026", "into":"1162.00", "inth":"1237.00", "intl":"1162.00", "intc":"1221.20", "ssboe":"1783900800", "intv":"9028077.00"}', '{"time":"10-JUL-2026", "into":"1173.00", "inth":"1191.50", "intl":"1153.50", "intc":"1164.10", "ssboe":"1783641600", "intv":"3979475.00"}']
HCLTECH: saved 60 rows
Downloading HAVELLS (HAVELLS-EQ)
latest: 2026-07-10, today: 2026-07-13
Downloading HAVELLS
candles: ['{"time":"13-JUL-2026", "into":"1180.90", "inth":"1187.90", "intl":"1161.60", "intc":"1178.80", "ssboe":"1783900800", "intv":"2184918.00"}', '{"time":"10-JUL-2026", "into":"1205.70", "inth":"1211.70", "intl":"1176.40", "intc":"1188.40", "ssboe":"1783641600", "intv":"2410663.00"}']
HAVELLS: saved 60 rows
Downloading HAL (HAL-EQ)
latest: 2026-07-10, today: 2026-07-13
Downloading HAL
candles: ['{"time":"13-JUL-2026", "into":"4498.70", "inth":"4521.70", "intl":"4438.00", "intc":"4511.30", "ssboe":"1783900800", "intv":"569353.00"}', '{"time":"10-JUL-2026", "into":"4396.00", "inth":"4524.90", "intl":"4396.00", "intc":"4506.80", "ssboe":"1783641600", "intv":"1078390.00"}']
HAL: saved 60 rows
Downloading GRASIM (GRASIM-EQ)
latest: 2026-07-10, today: 2026-07-13
Downloading GRASIM
/home/nodeusr/Kamesh/newshoonya/H_download_historical_data.py:133: UserWarning: Could not infer format, so each element will be parsed individually, falling back to `dateutil`. To ensure parsing is consistent and as-expected, please specify a format.
  df["Date"] = pd.to_datetime(
/home/nodeusr/Kamesh/newshoonya/H_download_historical_data.py:133: UserWarning: Could not infer format, so each element will be parsed individually, falling back to `dateutil`. To ensure parsing is consistent and as-expected, please specify a format.
  df["Date"] = pd.to_datetime(
/home/nodeusr/Kamesh/newshoonya/H_download_historical_data.py:133: UserWarning: Could not infer format, so each element will be parsed individually, falling back to `dateutil`. To ensure parsing is consistent and as-expected, please specify a format.
  df["Date"] = pd.to_datetime(
/home/nodeusr/Kamesh/newshoonya/H_download_historical_data.py:133: UserWarning: Could not infer format, so each element will be parsed individually, falling back to `dateutil`. To ensure parsing is consistent and as-expected, please specify a format.
  df["Date"] = pd.to_datetime(
/home/nodeusr/Kamesh/newshoonya/H_download_historical_data.py:133: UserWarning: Could not infer format, so each element will be parsed individually, falling back to `dateutil`. To ensure parsing is consistent and as-expected, please specify a format.
  df["Date"] = pd.to_datetime(
/home/nodeusr/Kamesh/newshoonya/H_download_historical_data.py:133: UserWarning: Could not infer format, so each element will be parsed individually, falling back to `dateutil`. To ensure parsing is consistent and as-expected, please specify a format.
  df["Date"] = pd.to_datetime(
/home/nodeusr/Kamesh/newshoonya/H_download_historical_data.py:133: UserWarning: Could not infer format, so each element will be parsed individually, falling back to `dateutil`. To ensure parsing is consistent and as-expected, please specify a format.
  df["Date"] = pd.to_datetime(
/home/nodeusr/Kamesh/newshoonya/H_download_historical_data.py:133: UserWarning: Could not infer format, so each element will be parsed individually, falling back to `dateutil`. To ensure parsing is consistent and as-expected, please specify a format.
  df["Date"] = pd.to_datetime(
/home/nodeusr/Kamesh/newshoonya/H_download_historical_data.py:133: UserWarning: Could not infer format, so each element will be parsed individually, falling back to `dateutil`. To ensure parsing is consistent and as-expected, please specify a format.
  df["Date"] = pd.to_datetime(
/home/nodeusr/Kamesh/newshoonya/H_download_historical_data.py:133: UserWarning: Could not infer format, so each element will be parsed individually, falling back to `dateutil`. To ensure parsing is consistent and as-expected, please specify a format.
  df["Date"] = pd.to_datetime(
/home/nodeusr/Kamesh/newshoonya/H_download_historical_data.py:133: UserWarning: Could not infer format, so each element will be parsed individually, falling back to `dateutil`. To ensure parsing is consistent and as-expected, please specify a format.
  df["Date"] = pd.to_datetime(
/home/nodeusr/Kamesh/newshoonya/H_download_historical_data.py:133: UserWarning: Could not infer format, so each element will be parsed individually, falling back to `dateutil`. To ensure parsing is consistent and as-expected, please specify a format.
  df["Date"] = pd.to_datetime(
/home/nodeusr/Kamesh/newshoonya/H_download_historical_data.py:133: UserWarning: Could not infer format, so each element will be parsed individually, falling back to `dateutil`. To ensure parsing is consistent and as-expected, please specify a format.
  df["Date"] = pd.to_datetime(
/home/nodeusr/Kamesh/newshoonya/H_download_historical_data.py:133: UserWarning: Could not infer format, so each element will be parsed individually, falling back to `dateutil`. To ensure parsing is consistent and as-expected, please specify a format.
  df["Date"] = pd.to_datetime(
/home/nodeusr/Kamesh/newshoonya/H_download_historical_data.py:133: UserWarning: Could not infer format, so each element will be parsed individually, falling back to `dateutil`. To ensure parsing is consistent and as-expected, please specify a format.
  df["Date"] = pd.to_datetime(
/home/nodeusr/Kamesh/newshoonya/H_download_historical_data.py:133: UserWarning: Could not infer format, so each element will be parsed individually, falling back to `dateutil`. To ensure parsing is consistent and as-expected, please specify a format.
  df["Date"] = pd.to_datetime(
/home/nodeusr/Kamesh/newshoonya/H_download_historical_data.py:133: UserWarning: Could not infer format, so each element will be parsed individually, falling back to `dateutil`. To ensure parsing is consistent and as-expected, please specify a format.
  df["Date"] = pd.to_datetime(
/home/nodeusr/Kamesh/newshoonya/H_download_historical_data.py:133: UserWarning: Could not infer format, so each element will be parsed individually, falling back to `dateutil`. To ensure parsing is consistent and as-expected, please specify a format.
  df["Date"] = pd.to_datetime(
/home/nodeusr/Kamesh/newshoonya/H_download_historical_data.py:133: UserWarning: Could not infer format, so each element will be parsed individually, falling back to `dateutil`. To ensure parsing is consistent and as-expected, please specify a format.
  df["Date"] = pd.to_datetime(
/home/nodeusr/Kamesh/newshoonya/H_download_historical_data.py:133: UserWarning: Could not infer format, so each element will be parsed individually, falling back to `dateutil`. To ensure parsing is consistent and as-expected, please specify a format.
  df["Date"] = pd.to_datetime(
candles: ['{"time":"13-JUL-2026", "into":"3202.40", "inth":"3216.30", "intl":"3125.20", "intc":"3144.30", "ssboe":"1783900800", "intv":"654390.00"}', '{"time":"10-JUL-2026", "into":"3204.80", "inth":"3246.00", "intl":"3202.00", "intc":"3213.60", "ssboe":"1783641600", "intv":"515666.00"}']
GRASIM: saved 60 rows
Downloading GODREJCP (GODREJCP-EQ)
latest: 2026-07-10, today: 2026-07-13
Downloading GODREJCP
candles: ['{"time":"13-JUL-2026", "into":"1076.80", "inth":"1079.70", "intl":"1067.20", "intc":"1068.70", "ssboe":"1783900800", "intv":"468745.00"}', '{"time":"10-JUL-2026", "into":"1090.00", "inth":"1099.40", "intl":"1084.30", "intc":"1088.40", "ssboe":"1783641600", "intv":"257565.00"}']
GODREJCP: saved 60 rows
Downloading GAIL (GAIL-EQ)
latest: 2026-07-10, today: 2026-07-13
Downloading GAIL
candles: ['{"time":"13-JUL-2026", "into":"172.84", "inth":"173.40", "intl":"170.53", "intc":"173.12", "ssboe":"1783900800", "intv":"3261762.00"}', '{"time":"10-JUL-2026", "into":"171.00", "inth":"174.47", "intl":"171.00", "intc":"173.73", "ssboe":"1783641600", "intv":"3236963.00"}']
GAIL: saved 60 rows
Downloading ETERNAL (ETERNAL-EQ)
latest: 2026-07-10, today: 2026-07-13
Downloading ETERNAL
candles: ['{"time":"13-JUL-2026", "into":"286.10", "inth":"288.90", "intl":"284.60", "intc":"285.20", "ssboe":"1783900800", "intv":"14808761.00"}', '{"time":"10-JUL-2026", "into":"294.70", "inth":"295.20", "intl":"287.15", "intc":"289.65", "ssboe":"1783641600", "intv":"24239849.00"}']
ETERNAL: saved 60 rows
Downloading EICHERMOT (EICHERMOT-EQ)
latest: 2026-07-10, today: 2026-07-13
Downloading EICHERMOT
candles: ['{"time":"13-JUL-2026", "into":"7325.00", "inth":"7339.50", "intl":"7260.00", "intc":"7296.50", "ssboe":"1783900800", "intv":"787762.00"}', '{"time":"10-JUL-2026", "into":"7399.50", "inth":"7455.00", "intl":"7335.00", "intc":"7365.50", "ssboe":"1783641600", "intv":"497082.00"}']
EICHERMOT: saved 60 rows
Downloading DRREDDY (DRREDDY-EQ)
latest: 2026-07-10, today: 2026-07-13
Downloading DRREDDY
candles: ['{"time":"13-JUL-2026", "into":"1244.30", "inth":"1249.10", "intl":"1226.30", "intc":"1234.50", "ssboe":"1783900800", "intv":"2437935.00"}', '{"time":"10-JUL-2026", "into":"1244.90", "inth":"1251.80", "intl":"1222.00", "intc":"1244.30", "ssboe":"1783641600", "intv":"8106606.00"}']
DRREDDY: saved 60 rows
Downloading DMART (DMART-EQ)
latest: 2026-07-10, today: 2026-07-13
Downloading DMART
candles: ['{"time":"13-JUL-2026", "into":"3950.00", "inth":"4012.80", "intl":"3908.00", "intc":"3994.10", "ssboe":"1783900800", "intv":"2286738.00"}', '{"time":"10-JUL-2026", "into":"4089.00", "inth":"4108.00", "intl":"4025.70", "intc":"4081.10", "ssboe":"1783641600", "intv":"752660.00"}']
DMART: saved 60 rows
Downloading DLF (DLF-EQ)
latest: 2026-07-10, today: 2026-07-13
Downloading DLF
candles: ['{"time":"13-JUL-2026", "into":"679.55", "inth":"690.25", "intl":"673.35", "intc":"682.35", "ssboe":"1783900800", "intv":"6977830.00"}', '{"time":"10-JUL-2026", "into":"670.00", "inth":"692.00", "intl":"654.55", "intc":"685.75", "ssboe":"1783641600", "intv":"11338298.00"}']
DLF: saved 60 rows
Downloading DIVISLAB (DIVISLAB-EQ)
latest: 2026-07-10, today: 2026-07-13
Downloading DIVISLAB
candles: ['{"time":"13-JUL-2026", "into":"6830.00", "inth":"6958.00", "intl":"6786.50", "intc":"6938.50", "ssboe":"1783900800", "intv":"274183.00"}', '{"time":"10-JUL-2026", "into":"6870.00", "inth":"6871.50", "intl":"6775.00", "intc":"6836.00", "ssboe":"1783641600", "intv":"222860.00"}']
DIVISLAB: saved 60 rows
Downloading DABUR (DABUR-EQ)
latest: 2026-07-10, today: 2026-07-13
Downloading DABUR
candles: ['{"time":"13-JUL-2026", "into":"442.00", "inth":"442.75", "intl":"438.40", "intc":"438.90", "ssboe":"1783900800", "intv":"774683.00"}', '{"time":"10-JUL-2026", "into":"444.55", "inth":"447.00", "intl":"441.05", "intc":"443.50", "ssboe":"1783641600", "intv":"1705250.00"}']
DABUR: saved 60 rows
Downloading CUMMINSIND (CUMMINSIND-EQ)
latest: 2026-07-10, today: 2026-07-13
Downloading CUMMINSIND
candles: ['{"time":"13-JUL-2026", "into":"5600.00", "inth":"5601.50", "intl":"5529.00", "intc":"5555.00", "ssboe":"1783900800", "intv":"323370.00"}', '{"time":"10-JUL-2026", "into":"5567.00", "inth":"5714.00", "intl":"5567.00", "intc":"5621.50", "ssboe":"1783641600", "intv":"463881.00"}']
CUMMINSIND: saved 60 rows
Downloading CONCOR (CONCOR-EQ)
latest: 2026-07-10, today: 2026-07-13
Downloading CONCOR
candles: ['{"time":"13-JUL-2026", "into":"460.90", "inth":"470.40", "intl":"456.20", "intc":"463.95", "ssboe":"1783900800", "intv":"3105163.00"}', '{"time":"10-JUL-2026", "into":"462.00", "inth":"470.55", "intl":"461.65", "intc":"463.75", "ssboe":"1783641600", "intv":"2960717.00"}']
CONCOR: saved 60 rows
Downloading COALINDIA (COALINDIA-EQ)
latest: 2026-07-10, today: 2026-07-13
Downloading COALINDIA
candles: ['{"time":"13-JUL-2026", "into":"429.00", "inth":"431.90", "intl":"425.00", "intc":"430.20", "ssboe":"1783900800", "intv":"5650932.00"}', '{"time":"10-JUL-2026", "into":"430.15", "inth":"432.60", "intl":"426.75", "intc":"429.30", "ssboe":"1783641600", "intv":"4872051.00"}']
COALINDIA: saved 60 rows
Downloading CIPLA (CIPLA-EQ)
latest: 2026-07-10, today: 2026-07-13
Downloading CIPLA
candles: ['{"time":"13-JUL-2026", "into":"1439.40", "inth":"1443.00", "intl":"1420.00", "intc":"1426.70", "ssboe":"1783900800", "intv":"844670.00"}', '{"time":"10-JUL-2026", "into":"1441.30", "inth":"1454.50", "intl":"1435.00", "intc":"1439.40", "ssboe":"1783641600", "intv":"745842.00"}']
CIPLA: saved 60 rows
Downloading CHOLAFIN (CHOLAFIN-EQ)
latest: 2026-07-10, today: 2026-07-13
Downloading CHOLAFIN
candles: ['{"time":"13-JUL-2026", "into":"1799.00", "inth":"1818.90", "intl":"1777.50", "intc":"1810.90", "ssboe":"1783900800", "intv":"635788.00"}', '{"time":"10-JUL-2026", "into":"1804.90", "inth":"1827.00", "intl":"1802.00", "intc":"1807.80", "ssboe":"1783641600", "intv":"741849.00"}']
CHOLAFIN: saved 60 rows
Downloading CGPOWER (CGPOWER-EQ)
latest: 2026-07-10, today: 2026-07-13
Downloading CGPOWER
candles: ['{"time":"13-JUL-2026", "into":"912.00", "inth":"912.00", "intl":"895.60", "intc":"905.50", "ssboe":"1783900800", "intv":"2819640.00"}', '{"time":"10-JUL-2026", "into":"916.95", "inth":"923.70", "intl":"913.55", "intc":"916.60", "ssboe":"1783641600", "intv":"2065106.00"}']
CGPOWER: saved 60 rows
Downloading CANBK (CANBK-EQ)
latest: 2026-07-10, today: 2026-07-13
Downloading CANBK
candles: ['{"time":"13-JUL-2026", "into":"127.47", "inth":"129.73", "intl":"126.44", "intc":"129.33", "ssboe":"1783900800", "intv":"19227723.00"}', '{"time":"10-JUL-2026", "into":"125.40", "inth":"131.48", "intl":"125.31", "intc":"128.78", "ssboe":"1783641600", "intv":"40706138.00"}']
CANBK: saved 60 rows
Downloading BRITANNIA (BRITANNIA-EQ)
latest: 2026-07-10, today: 2026-07-13
Downloading BRITANNIA
candles: ['{"time":"13-JUL-2026", "into":"5335.50", "inth":"5368.50", "intl":"5290.50", "intc":"5348.50", "ssboe":"1783900800", "intv":"132632.00"}', '{"time":"10-JUL-2026", "into":"5390.00", "inth":"5405.00", "intl":"5323.00", "intc":"5353.00", "ssboe":"1783641600", "intv":"143224.00"}']
BRITANNIA: saved 60 rows
Downloading BPCL (BPCL-EQ)
latest: 2026-07-10, today: 2026-07-13
Downloading BPCL
candles: ['{"time":"13-JUL-2026", "into":"304.80", "inth":"309.15", "intl":"302.15", "intc":"307.55", "ssboe":"1783900800", "intv":"5543349.00"}', '{"time":"10-JUL-2026", "into":"312.00", "inth":"313.75", "intl":"309.10", "intc":"309.75", "ssboe":"1783641600", "intv":"3799709.00"}']
BPCL: saved 60 rows
Downloading BHARTIARTL (BHARTIARTL-EQ)
latest: 2026-07-10, today: 2026-07-13
Downloading BHARTIARTL
candles: ['{"time":"13-JUL-2026", "into":"1914.00", "inth":"1917.00", "intl":"1896.70", "intc":"1901.80", "ssboe":"1783900800", "intv":"7862506.00"}', '{"time":"10-JUL-2026", "into":"1930.00", "inth":"1930.00", "intl":"1906.00", "intc":"1920.40", "ssboe":"1783641600", "intv":"6420887.00"}']
BHARTIARTL: saved 60 rows
Downloading BEL (BEL-EQ)
latest: 2026-07-10, today: 2026-07-13
Downloading BEL
/home/nodeusr/Kamesh/newshoonya/H_download_historical_data.py:133: UserWarning: Could not infer format, so each element will be parsed individually, falling back to `dateutil`. To ensure parsing is consistent and as-expected, please specify a format.
  df["Date"] = pd.to_datetime(
/home/nodeusr/Kamesh/newshoonya/H_download_historical_data.py:133: UserWarning: Could not infer format, so each element will be parsed individually, falling back to `dateutil`. To ensure parsing is consistent and as-expected, please specify a format.
  df["Date"] = pd.to_datetime(
/home/nodeusr/Kamesh/newshoonya/H_download_historical_data.py:133: UserWarning: Could not infer format, so each element will be parsed individually, falling back to `dateutil`. To ensure parsing is consistent and as-expected, please specify a format.
  df["Date"] = pd.to_datetime(
/home/nodeusr/Kamesh/newshoonya/H_download_historical_data.py:133: UserWarning: Could not infer format, so each element will be parsed individually, falling back to `dateutil`. To ensure parsing is consistent and as-expected, please specify a format.
  df["Date"] = pd.to_datetime(
/home/nodeusr/Kamesh/newshoonya/H_download_historical_data.py:133: UserWarning: Could not infer format, so each element will be parsed individually, falling back to `dateutil`. To ensure parsing is consistent and as-expected, please specify a format.
  df["Date"] = pd.to_datetime(
/home/nodeusr/Kamesh/newshoonya/H_download_historical_data.py:133: UserWarning: Could not infer format, so each element will be parsed individually, falling back to `dateutil`. To ensure parsing is consistent and as-expected, please specify a format.
  df["Date"] = pd.to_datetime(
/home/nodeusr/Kamesh/newshoonya/H_download_historical_data.py:133: UserWarning: Could not infer format, so each element will be parsed individually, falling back to `dateutil`. To ensure parsing is consistent and as-expected, please specify a format.
  df["Date"] = pd.to_datetime(
/home/nodeusr/Kamesh/newshoonya/H_download_historical_data.py:133: UserWarning: Could not infer format, so each element will be parsed individually, falling back to `dateutil`. To ensure parsing is consistent and as-expected, please specify a format.
  df["Date"] = pd.to_datetime(
/home/nodeusr/Kamesh/newshoonya/H_download_historical_data.py:133: UserWarning: Could not infer format, so each element will be parsed individually, falling back to `dateutil`. To ensure parsing is consistent and as-expected, please specify a format.
  df["Date"] = pd.to_datetime(
/home/nodeusr/Kamesh/newshoonya/H_download_historical_data.py:133: UserWarning: Could not infer format, so each element will be parsed individually, falling back to `dateutil`. To ensure parsing is consistent and as-expected, please specify a format.
  df["Date"] = pd.to_datetime(
/home/nodeusr/Kamesh/newshoonya/H_download_historical_data.py:133: UserWarning: Could not infer format, so each element will be parsed individually, falling back to `dateutil`. To ensure parsing is consistent and as-expected, please specify a format.
  df["Date"] = pd.to_datetime(
/home/nodeusr/Kamesh/newshoonya/H_download_historical_data.py:133: UserWarning: Could not infer format, so each element will be parsed individually, falling back to `dateutil`. To ensure parsing is consistent and as-expected, please specify a format.
  df["Date"] = pd.to_datetime(
/home/nodeusr/Kamesh/newshoonya/H_download_historical_data.py:133: UserWarning: Could not infer format, so each element will be parsed individually, falling back to `dateutil`. To ensure parsing is consistent and as-expected, please specify a format.
  df["Date"] = pd.to_datetime(
/home/nodeusr/Kamesh/newshoonya/H_download_historical_data.py:133: UserWarning: Could not infer format, so each element will be parsed individually, falling back to `dateutil`. To ensure parsing is consistent and as-expected, please specify a format.
  df["Date"] = pd.to_datetime(
/home/nodeusr/Kamesh/newshoonya/H_download_historical_data.py:133: UserWarning: Could not infer format, so each element will be parsed individually, falling back to `dateutil`. To ensure parsing is consistent and as-expected, please specify a format.
  df["Date"] = pd.to_datetime(
/home/nodeusr/Kamesh/newshoonya/H_download_historical_data.py:133: UserWarning: Could not infer format, so each element will be parsed individually, falling back to `dateutil`. To ensure parsing is consistent and as-expected, please specify a format.
  df["Date"] = pd.to_datetime(
/home/nodeusr/Kamesh/newshoonya/H_download_historical_data.py:133: UserWarning: Could not infer format, so each element will be parsed individually, falling back to `dateutil`. To ensure parsing is consistent and as-expected, please specify a format.
  df["Date"] = pd.to_datetime(
/home/nodeusr/Kamesh/newshoonya/H_download_historical_data.py:133: UserWarning: Could not infer format, so each element will be parsed individually, falling back to `dateutil`. To ensure parsing is consistent and as-expected, please specify a format.
  df["Date"] = pd.to_datetime(
/home/nodeusr/Kamesh/newshoonya/H_download_historical_data.py:133: UserWarning: Could not infer format, so each element will be parsed individually, falling back to `dateutil`. To ensure parsing is consistent and as-expected, please specify a format.
  df["Date"] = pd.to_datetime(
candles: ['{"time":"13-JUL-2026", "into":"411.95", "inth":"412.90", "intl":"408.60", "intc":"410.80", "ssboe":"1783900800", "intv":"6650781.00"}', '{"time":"10-JUL-2026", "into":"408.40", "inth":"415.45", "intl":"408.20", "intc":"414.85", "ssboe":"1783641600", "intv":"9273712.00"}']
BEL: saved 60 rows
Downloading BANKBARODA (BANKBARODA-EQ)
latest: 2026-07-10, today: 2026-07-13
Downloading BANKBARODA
candles: ['{"time":"13-JUL-2026", "into":"249.00", "inth":"252.70", "intl":"247.00", "intc":"250.65", "ssboe":"1783900800", "intv":"18662940.00"}', '{"time":"10-JUL-2026", "into":"245.50", "inth":"254.35", "intl":"245.35", "intc":"250.95", "ssboe":"1783641600", "intv":"18239487.00"}']
BANKBARODA: saved 60 rows
Downloading BAJFINANCE (BAJFINANCE-EQ)
latest: 2026-07-10, today: 2026-07-13
Downloading BAJFINANCE
candles: ['{"time":"13-JUL-2026", "into":"1014.00", "inth":"1028.00", "intl":"1003.70", "intc":"1022.60", "ssboe":"1783900800", "intv":"4874070.00"}', '{"time":"10-JUL-2026", "into":"1010.10", "inth":"1023.90", "intl":"1004.20", "intc":"1020.50", "ssboe":"1783641600", "intv":"7039305.00"}']
BAJFINANCE: saved 60 rows
Downloading BAJAJHLDNG (BAJAJHLDNG-EQ)
latest: 2026-07-10, today: 2026-07-13
Downloading BAJAJHLDNG
candles: ['{"time":"13-JUL-2026", "into":"10150.00", "inth":"10915.00", "intl":"10132.00", "intc":"10752.00", "ssboe":"1783900800", "intv":"83705.00"}', '{"time":"10-JUL-2026", "into":"10687.00", "inth":"10695.00", "intl":"10493.00", "intc":"10654.00", "ssboe":"1783641600", "intv":"23369.00"}']
BAJAJHLDNG: saved 60 rows
Downloading BAJAJFINSV (BAJAJFINSV-EQ)
latest: 2026-07-10, today: 2026-07-13
Downloading BAJAJFINSV
candles: ['{"time":"13-JUL-2026", "into":"1900.00", "inth":"1912.00", "intl":"1884.40", "intc":"1908.10", "ssboe":"1783900800", "intv":"1002460.00"}', '{"time":"10-JUL-2026", "into":"1905.30", "inth":"1920.50", "intl":"1893.40", "intc":"1916.00", "ssboe":"1783641600", "intv":"822344.00"}']
BAJAJFINSV: saved 60 rows
Downloading BAJAJ-AUTO (BAJAJ-AUTO-EQ)
latest: 2026-07-10, today: 2026-07-13
Downloading BAJAJ-AUTO
candles: ['{"time":"13-JUL-2026", "into":"10080.00", "inth":"10442.00", "intl":"10030.50", "intc":"10381.00", "ssboe":"1783900800", "intv":"1009236.00"}', '{"time":"10-JUL-2026", "into":"10177.50", "inth":"10298.00", "intl":"10115.00", "intc":"10156.00", "ssboe":"1783641600", "intv":"354772.00"}']
BAJAJ-AUTO: saved 60 rows
Downloading AXISBANK (AXISBANK-EQ)
latest: 2026-07-10, today: 2026-07-13
Downloading AXISBANK
candles: ['{"time":"13-JUL-2026", "into":"1315.90", "inth":"1329.90", "intl":"1313.50", "intc":"1319.40", "ssboe":"1783900800", "intv":"3674483.00"}', '{"time":"10-JUL-2026", "into":"1304.00", "inth":"1326.60", "intl":"1303.90", "intc":"1323.70", "ssboe":"1783641600", "intv":"3549139.00"}']
AXISBANK: saved 60 rows
Downloading ASIANPAINT (ASIANPAINT-EQ)
latest: 2026-07-10, today: 2026-07-13
Downloading ASIANPAINT
candles: ['{"time":"13-JUL-2026", "into":"2650.50", "inth":"2664.40", "intl":"2630.10", "intc":"2652.10", "ssboe":"1783900800", "intv":"1107802.00"}', '{"time":"10-JUL-2026", "into":"2695.00", "inth":"2728.20", "intl":"2672.90", "intc":"2677.80", "ssboe":"1783641600", "intv":"982095.00"}']
ASIANPAINT: saved 60 rows
Downloading APOLLOHOSP (APOLLOHOSP-EQ)
latest: 2026-07-10, today: 2026-07-13
Downloading APOLLOHOSP
candles: ['{"time":"13-JUL-2026", "into":"8879.00", "inth":"8932.00", "intl":"8764.50", "intc":"8782.50", "ssboe":"1783900800", "intv":"410798.00"}', '{"time":"10-JUL-2026", "into":"8849.00", "inth":"8886.50", "intl":"8773.50", "intc":"8841.00", "ssboe":"1783641600", "intv":"264694.00"}']
APOLLOHOSP: saved 60 rows
Downloading AMBUJACEM (AMBUJACEM-EQ)
latest: 2026-07-10, today: 2026-07-13
Downloading AMBUJACEM
candles: ['{"time":"13-JUL-2026", "into":"430.00", "inth":"434.45", "intl":"429.40", "intc":"432.15", "ssboe":"1783900800", "intv":"733484.00"}', '{"time":"10-JUL-2026", "into":"432.00", "inth":"440.80", "intl":"431.10", "intc":"436.45", "ssboe":"1783641600", "intv":"2035547.00"}']
AMBUJACEM: saved 60 rows
Downloading ADANIPOWER (ADANIPOWER-EQ)
latest: 2026-07-10, today: 2026-07-13
Downloading ADANIPOWER
candles: ['{"time":"13-JUL-2026", "into":"217.10", "inth":"218.78", "intl":"215.10", "intc":"215.46", "ssboe":"1783900800", "intv":"26415659.00"}', '{"time":"10-JUL-2026", "into":"218.50", "inth":"220.60", "intl":"216.80", "intc":"218.45", "ssboe":"1783641600", "intv":"26196232.00"}']
ADANIPOWER: saved 60 rows
Downloading ADANIPORTS (ADANIPORTS-EQ)
latest: 2026-07-10, today: 2026-07-13
Downloading ADANIPORTS
candles: ['{"time":"13-JUL-2026", "into":"1811.00", "inth":"1825.90", "intl":"1807.10", "intc":"1810.30", "ssboe":"1783900800", "intv":"1156618.00"}', '{"time":"10-JUL-2026", "into":"1800.10", "inth":"1852.90", "intl":"1800.10", "intc":"1828.10", "ssboe":"1783641600", "intv":"1489787.00"}']
ADANIPORTS: saved 60 rows
Downloading ADANIGREEN (ADANIGREEN-EQ)
latest: 2026-07-10, today: 2026-07-13
Downloading ADANIGREEN
candles: ['{"time":"13-JUL-2026", "into":"1525.40", "inth":"1575.40", "intl":"1523.00", "intc":"1546.50", "ssboe":"1783900800", "intv":"2868246.00"}', '{"time":"10-JUL-2026", "into":"1505.00", "inth":"1546.80", "intl":"1495.70", "intc":"1536.60", "ssboe":"1783641600", "intv":"2070226.00"}']
ADANIGREEN: saved 60 rows
Downloading ADANIENT (ADANIENT-EQ)
latest: 2026-07-10, today: 2026-07-13
Downloading ADANIENT
candles: ['{"time":"13-JUL-2026", "into":"3127.30", "inth":"3195.00", "intl":"3115.20", "intc":"3177.50", "ssboe":"1783900800", "intv":"1599810.00"}', '{"time":"10-JUL-2026", "into":"3105.00", "inth":"3183.00", "intl":"3100.00", "intc":"3157.30", "ssboe":"1783641600", "intv":"2145335.00"}']
ADANIENT: saved 60 rows
Downloading ADANIENSOL (ADANIENSOL-EQ)
latest: 2026-07-10, today: 2026-07-13
Downloading ADANIENSOL
candles: ['{"time":"13-JUL-2026", "into":"1651.00", "inth":"1667.20", "intl":"1634.00", "intc":"1644.60", "ssboe":"1783900800", "intv":"1062110.00"}', '{"time":"10-JUL-2026", "into":"1635.00", "inth":"1683.80", "intl":"1621.20", "intc":"1654.00", "ssboe":"1783641600", "intv":"1603768.00"}']
ADANIENSOL: saved 60 rows
Downloading ABB (ABB-EQ)
latest: 2026-07-10, today: 2026-07-13
Downloading ABB
candles: ['{"time":"13-JUL-2026", "into":"6800.00", "inth":"6872.00", "intl":"6715.50", "intc":"6807.00", "ssboe":"1783900800", "intv":"297882.00"}', '{"time":"10-JUL-2026", "into":"6835.00", "inth":"6911.00", "intl":"6812.00", "intc":"6836.00", "ssboe":"1783641600", "intv":"110261.00"}']
ABB: saved 60 rows
Downloading NIFTY50 (Nifty 50)
latest: 2026-07-10, today: 2026-07-13
Downloading NIFTY50
candles: ['{"time":"13-JUL-2026", "into":"24039.40", "inth":"24259.80", "intl":"24000.20", "intc":"24211.00", "ssboe":"1783900800", "intv":"322678968.00"}', '{"time":"10-JUL-2026", "into":"24124.70", "inth":"24228.45", "intl":"24120.35", "intc":"24206.90", "ssboe":"1783641600", "intv":"313072212.00"}']
NIFTY50: saved 55 rows
Downloading NIFTYBANK (Nifty Bank)
latest: 2026-07-10, today: 2026-07-13
Downloading NIFTYBANK
candles: ['{"time":"13-JUL-2026", "into":"57616.70", "inth":"58219.90", "intl":"57492.05", "intc":"58131.45", "ssboe":"1783900800", "intv":"210287279.00"}', '{"time":"10-JUL-2026", "into":"57592.50", "inth":"58251.95", "intl":"57576.70", "intc":"58045.90", "ssboe":"1783641600", "intv":"235609950.00"}']
NIFTYBANK: saved 55 rows
Downloading NIFTYNXT50 (Nifty Next 50)
latest: 2026-07-10, today: 2026-07-13
Downloading NIFTYNXT50
candles: ['{"time":"13-JUL-2026", "into":"71819.15", "inth":"72209.05", "intl":"71429.60", "intc":"72111.40", "ssboe":"1783900800", "intv":"223183267.00"}', '{"time":"10-JUL-2026", "into":"71953.55", "inth":"72438.45", "intl":"71825.05", "intc":"72391.80", "ssboe":"1783641600", "intv":"256116376.00"}']
NIFTYNXT50: saved 55 rows
DOWNLOAD COMPLETE
Symbol, Date, Type of entry, Price Movement, Logic, Entry, SL, Target, Current Price Position, High Profit
WIPRO , 2026-07-13 , DAY , Bullish , Bullish Engulf , 177.16 , 174.36 , 179.95 , MID-HIGH , False
VEDL , 2026-07-13 , DAY , Bullish , Wick , 269.68 , 268.1 , 271.25 , LOW-OUT , False
TVSMOTOR , 2026-07-13 , DAY , Bullish , Bullish Engulf , 3633.9 , 3572.8 , 3695.0 , HIGH , False
TITAN , 2026-07-13 , DAY , Bullish , Bullish Engulf , 4579.7 , 4524.4 , 4679.8 , HIGH , True
TECHM , 2026-07-13 , DAY , Bullish , Bullish Engulf , 1484.5 , 1444.2 , 1524.8 , HIGH-OUT , False
TCS , 2026-07-13 , DAY , Bullish , Bullish Tweezer , 2135.0 , 2065.1 , 2204.9 , HIGH-OUT , False
TATASTEEL , 2026-07-13 , DAY , Bullish , Wick , 187.34 , 185.4 , 189.27 , LOW , False
TATAPOWER , 2026-07-13 , DAY , Bullish , Wick , 377.62 , 375.4 , 382.8 , LOW , True
TATACONSUM , 2026-07-13 , DAY , Bullish , Wick , 1099.35 , 1092.1 , 1106.6 , MID-LOW , False
SBIN , 2026-07-13 , DAY , Bullish , Bullish Engulf , 1032.5 , 1022.1 , 1047.8 , MID-HIGH , False
POWERGRID , 2026-07-13 , DAY , Bullish , Bullish Engulf , 284.05 , 281.65 , 286.45 , MID-LOW , False
PIDILITIND , 2026-07-13 , DAY , Bullish , Wick , 1571.4 , 1559.6 , 1583.2 , MID-LOW , False
KOTAKBANK , 2026-07-13 , DAY , Bullish , Bullish Engulf , 380.12 , 375.1 , 385.15 , MID-LOW , False
JSWSTEEL , 2026-07-13 , DAY , Bullish , Wick , 1230.25 , 1220.4 , 1259.0 , MID-LOW , True
JINDALSTEL , 2026-07-13 , DAY , Bullish , Wick , 1027.2 , 1010.1 , 1044.3 , LOW , False
IOC , 2026-07-13 , DAY , Bullish , Bullish Engulf , 138.39 , 136.62 , 140.17 , MID-LOW , False
INFY , 2026-07-13 , DAY , Bullish , Bullish Engulf , 1086.0 , 1057.1 , 1114.9 , HIGH-OUT , False
HINDUNILVR , 2026-07-13 , DAY , Bullish , Wick , 2131.5 , 2120.0 , 2143.0 , LOW , False
HEROMOTOCO , 2026-07-13 , DAY , Bullish , Bullish Engulf , 4919.0 , 4871.0 , 4968.0 , HIGH , False
HCLTECH , 2026-07-13 , DAY , Bullish , Bullish Engulf , 1199.5 , 1162.0 , 1237.0 , HIGH-OUT , False
GAIL , 2026-07-13 , DAY , Bullish , Wick , 171.97 , 170.53 , 174.47 , MID-LOW , True
DIVISLAB , 2026-07-13 , DAY , Bullish , Bullish Engulf , 6872.25 , 6786.5 , 6958.0 , HIGH , False
CONCOR , 2026-07-13 , DAY , Bullish , Bullish Engulf , 463.3 , 456.2 , 470.4 , MID-LOW , False
COALINDIA , 2026-07-13 , DAY , Bullish , Bullish Engulf , 428.45 , 425.0 , 435.8 , LOW , True
CHOLAFIN , 2026-07-13 , DAY , Bullish , Bullish Engulf , 1798.2 , 1777.5 , 1818.9 , MID-HIGH , False
CGPOWER , 2026-07-13 , DAY , Bullish , Wick , 903.8 , 895.6 , 912.0 , LOW , False
BAJAJHLDNG , 2026-07-13 , DAY , Bullish , Bullish Engulf , 10523.5 , 10132.0 , 10915.0 , MID-HIGH , False
BAJAJ-AUTO , 2026-07-13 , DAY , Bullish , Bullish Engulf , 10236.25 , 10030.5 , 10442.0 , HIGH-OUT , False
APOLLOHOSP , 2026-07-13 , DAY , Bearish , Bearish Engulf , 8848.25 , 8932.0 , 8700.0 , MID-HIGH , True
ADANIGREEN , 2026-07-13 , DAY , Bearish , Wick , 1549.2 , 1575.4 , 1495.7 , MID-HIGH , True
NIFTY50 , 2026-07-13 , DAY , Bullish , Bullish Engulf , 24130.0 , 24000.2 , 24259.8 , MID-HIGH , False
Both scripts completed.
