/home/nodeusr/Kamesh/newshoonya/H_download_historical_data.py:136: UserWarning: Could not infer format, so each element will be parsed individually, falling back to `dateutil`. To ensure parsing is consistent and as-expected, please specify a format.
  df["Date"] = pd.to_datetime(
/home/nodeusr/Kamesh/newshoonya/H_download_historical_data.py:136: UserWarning: Could not infer format, so each element will be parsed individually, falling back to `dateutil`. To ensure parsing is consistent and as-expected, please specify a format.
  df["Date"] = pd.to_datetime(
/home/nodeusr/Kamesh/newshoonya/H_download_historical_data.py:136: UserWarning: Could not infer format, so each element will be parsed individually, falling back to `dateutil`. To ensure parsing is consistent and as-expected, please specify a format.
  df["Date"] = pd.to_datetime(
/home/nodeusr/Kamesh/newshoonya/H_download_historical_data.py:136: UserWarning: Could not infer format, so each element will be parsed individually, falling back to `dateutil`. To ensure parsing is consistent and as-expected, please specify a format.
  df["Date"] = pd.to_datetime(
/home/nodeusr/Kamesh/newshoonya/H_download_historical_data.py:136: UserWarning: Could not infer format, so each element will be parsed individually, falling back to `dateutil`. To ensure parsing is consistent and as-expected, please specify a format.
  df["Date"] = pd.to_datetime(
/home/nodeusr/Kamesh/newshoonya/H_download_historical_data.py:136: UserWarning: Could not infer format, so each element will be parsed individually, falling back to `dateutil`. To ensure parsing is consistent and as-expected, please specify a format.
  df["Date"] = pd.to_datetime(
/home/nodeusr/Kamesh/newshoonya/H_download_historical_data.py:136: UserWarning: Could not infer format, so each element will be parsed individually, falling back to `dateutil`. To ensure parsing is consistent and as-expected, please specify a format.
  df["Date"] = pd.to_datetime(
/home/nodeusr/Kamesh/newshoonya/H_download_historical_data.py:136: UserWarning: Could not infer format, so each element will be parsed individually, falling back to `dateutil`. To ensure parsing is consistent and as-expected, please specify a format.
  df["Date"] = pd.to_datetime(
/home/nodeusr/Kamesh/newshoonya/H_download_historical_data.py:136: UserWarning: Could not infer format, so each element will be parsed individually, falling back to `dateutil`. To ensure parsing is consistent and as-expected, please specify a format.
  df["Date"] = pd.to_datetime(
/home/nodeusr/Kamesh/newshoonya/H_download_historical_data.py:136: UserWarning: Could not infer format, so each element will be parsed individually, falling back to `dateutil`. To ensure parsing is consistent and as-expected, please specify a format.
  df["Date"] = pd.to_datetime(
/home/nodeusr/Kamesh/newshoonya/H_download_historical_data.py:136: UserWarning: Could not infer format, so each element will be parsed individually, falling back to `dateutil`. To ensure parsing is consistent and as-expected, please specify a format.
  df["Date"] = pd.to_datetime(
/home/nodeusr/Kamesh/newshoonya/H_download_historical_data.py:136: UserWarning: Could not infer format, so each element will be parsed individually, falling back to `dateutil`. To ensure parsing is consistent and as-expected, please specify a format.
  df["Date"] = pd.to_datetime(
/home/nodeusr/Kamesh/newshoonya/H_download_historical_data.py:136: UserWarning: Could not infer format, so each element will be parsed individually, falling back to `dateutil`. To ensure parsing is consistent and as-expected, please specify a format.
  df["Date"] = pd.to_datetime(
/home/nodeusr/Kamesh/newshoonya/H_download_historical_data.py:136: UserWarning: Could not infer format, so each element will be parsed individually, falling back to `dateutil`. To ensure parsing is consistent and as-expected, please specify a format.
  df["Date"] = pd.to_datetime(
/home/nodeusr/Kamesh/newshoonya/H_download_historical_data.py:136: UserWarning: Could not infer format, so each element will be parsed individually, falling back to `dateutil`. To ensure parsing is consistent and as-expected, please specify a format.
  df["Date"] = pd.to_datetime(
/home/nodeusr/Kamesh/newshoonya/H_download_historical_data.py:136: UserWarning: Could not infer format, so each element will be parsed individually, falling back to `dateutil`. To ensure parsing is consistent and as-expected, please specify a format.
  df["Date"] = pd.to_datetime(
/home/nodeusr/Kamesh/newshoonya/H_download_historical_data.py:136: UserWarning: Could not infer format, so each element will be parsed individually, falling back to `dateutil`. To ensure parsing is consistent and as-expected, please specify a format.
  df["Date"] = pd.to_datetime(
API connected
Downloading SBIN (SBIN-EQ)
Downloading SBIN
SBIN: saved 60 rows
Downloading RELIANCE (RELIANCE-EQ)
Downloading RELIANCE
RELIANCE: saved 60 rows
Downloading KOTAKBANK (KOTAKBANK-EQ)
Downloading KOTAKBANK
KOTAKBANK: saved 60 rows
Downloading INDUSINDBK (INDUSINDBK-EQ)
Downloading INDUSINDBK
INDUSINDBK: saved 60 rows
Downloading ICICIBANK (ICICIBANK-EQ)
Downloading ICICIBANK
ICICIBANK: saved 60 rows
Downloading HDFCBANK (HDFCBANK-EQ)
Downloading HDFCBANK
HDFCBANK: saved 60 rows
Downloading DMART (DMART-EQ)
Downloading DMART
DMART: saved 60 rows
Downloading COALINDIA (COALINDIA-EQ)
Downloading COALINDIA
COALINDIA: saved 60 rows
Downloading BANKBARODA (BANKBARODA-EQ)
Downloading BANKBARODA
BANKBARODA: saved 60 rows
Downloading AXISBANK (AXISBANK-EQ)
Downloading AXISBANK
AXISBANK: saved 60 rows
Downloading ADANIPOWER (ADANIPOWER-EQ)
Downloading ADANIPOWER
ADANIPOWER: saved 60 rows
Downloading ADANIPORTS (ADANIPORTS-EQ)
Downloading ADANIPORTS
ADANIPORTS: saved 60 rows
Downloading ADANIGREEN (ADANIGREEN-EQ)
Downloading ADANIGREEN
ADANIGREEN: saved 60 rows
Downloading ADANIENT (ADANIENT-EQ)
Downloading ADANIENT
ADANIENT: saved 60 rows
Downloading ADANIENSOL (ADANIENSOL-EQ)
Downloading ADANIENSOL
ADANIENSOL: saved 60 rows
Downloading NIFTY50 (Nifty 50)
Downloading NIFTY50
NIFTY50: saved 48 rows
Downloading NIFTYBANK (Nifty Bank)
Downloading NIFTYBANK
NIFTYBANK: saved 48 rows
DOWNLOAD COMPLETE

START SCAN

RELIANCE | 2026-07-02 | SHORT | Bearish | Bearish Tweezer | Entry: 1303.5 | SL: 1313.2 | Target: 1284.1 | MID-HIGH
COALINDIA | 2026-07-02 | LONG | Bullish | Wick | Entry: 438.9 | SL: 432.8 | Target: 451.1 | LOW

===================
SCAN COMPLETED
===================
Both scripts completed.
