Logging in to Shoonya (background)...
Credentials submitted. Capturing auth code...
Auth Code: 6d56f95c-9234-4d4a-bb76-c6b81384142e
INFO:root:https://api.shoonya.com/NorenWeb/authorize/oauth?client_id=FA199969_U
DEBUG:NorenRestApiPy.NorenApi:https://api.shoonya.com/NorenWClientAPI//GenAcsTok
DEBUG:NorenRestApiPy.NorenApi:Req:jData={"code": "6d56f95c-9234-4d4a-bb76-c6b81384142e", "checksum": "90dba179a184cbd6f2f227edb9cf48f5c9846dc65ebca06d1a63c9b0c3487dad", "uid": "FA199969"}
DEBUG:urllib3.connectionpool:Starting new HTTPS connection (1): api.shoonya.com:443
DEBUG:urllib3.connectionpool:https://api.shoonya.com:443 "POST /NorenWClientAPI//GenAcsTok HTTP/1.1" 200 740
DEBUG:NorenRestApiPy.NorenApi:Response:{"USERID":"FA199969","access_token":"7f5fba2fa94d1b7259a54f7ee9ce40587a99425414447f37673da1299fbf598e","expires_in":"1790825714","refresh_token":"dd737c431d30f8e933a27d06e6735ae0bdf0f82c9f5961ec69164509cc6cb33a","scope":"0","actid":"FA199969","uname":"KAMESWARA RAO BELAMKONDA","prarr":[],"exch_prd":[{"exch":"NSE","prds":[]},{"exch":"NIPO","prds":[]},{"exch":"BSE","prds":[]},{"exch":"BSTAR","prds":[]},{"exch":"NFO","prds":[]},{"exch":"BFO","prds":[]}],"stat":"Ok","susertoken":"7f5fba2fa94d1b7259a54f7ee9ce40587a99425414447f37673da1299fbf598e","uid":"FA199969","brnchid":"HO","totp_set":"1","orarr":[],"exarr":["NSE","NIPO","BSE","BSTAR","NFO","BFO"],"values":[],"mws":{},"brkname":"FINV","lastaccesstime":"1783049710","lastpwdtime":"0"}
INFO:root:
Access token is : 7f5fba2fa94d1b7259a54f7ee9ce40587a99425414447f37673da1299fbf598e 
Refresh token is : dd737c431d30f8e933a27d06e6735ae0bdf0f82c9f5961ec69164509cc6cb33a 
User ID token is : FA199969 
Account ID is : FA199969 

INFO:root:{'Access_token': '7f5fba2fa94d1b7259a54f7ee9ce40587a99425414447f37673da1299fbf598e', 'Account_ID': 'FA199969', 'Secret_Code': 'I1Fny1fE23G9lzQAiJPAm7LQxDmj0DROC7PXHblBBECaFjy0n8n6cX0HJGQaZE02', 'UID': 'FA199969', 'client_id': 'FA199969_U', 'oauth_url': 'https://api.shoonya.com/NorenWeb/authorize/oauth'}
DEBUG:NorenRestApiPy.NorenApi:https://api.shoonya.com/NorenWClientAPI//MWList
DEBUG:NorenRestApiPy.NorenApi:jData={"ordersource": "API", "uid": "FA199969"}
DEBUG:urllib3.connectionpool:Starting new HTTPS connection (1): api.shoonya.com:443
DEBUG:urllib3.connectionpool:https://api.shoonya.com:443 "POST /NorenWClientAPI//MWList HTTP/1.1" 200 81
DEBUG:NorenRestApiPy.NorenApi:{"request_time":"09:05:14 03-07-2026","values":["3","2","5","4","1"],"stat":"Ok"}
INFO:root:watchlistname : {'request_time': '09:05:14 03-07-2026', 'values': ['3', '2', '5', '4', '1'], 'stat': 'Ok'}
Both scripts completed.
