Logging in to Shoonya (background)...
Credentials submitted. Capturing auth code...
Auth Code: 2623f4b3-6bcf-484a-8495-66f11bcc0563
INFO:root:https://api.shoonya.com/NorenWeb/authorize/oauth?client_id=FA199969_U
DEBUG:NorenRestApiPy.NorenApi:https://api.shoonya.com/NorenWClientAPI//GenAcsTok
DEBUG:NorenRestApiPy.NorenApi:Req:jData={"code": "2623f4b3-6bcf-484a-8495-66f11bcc0563", "checksum": "91e8f9edd8179d2bb68aeb782992ef79a51ad62b936ca0723b1fa521b3451800", "uid": "FA199969"}
DEBUG:urllib3.connectionpool:Starting new HTTPS connection (1): api.shoonya.com:443
DEBUG:urllib3.connectionpool:https://api.shoonya.com:443 "POST /NorenWClientAPI//GenAcsTok HTTP/1.1" 200 740
DEBUG:NorenRestApiPy.NorenApi:Response:{"USERID":"FA199969","access_token":"2a7ce8d6c2588bcf987536040adf947cfc06e9e02c526be63cf47392bb9fae0b","expires_in":"1790786780","refresh_token":"c870f76c687f2321900436a9d7c31c310bd7faa3eb6f59ae0d2097930b7007bf","scope":"0","actid":"FA199969","uname":"KAMESWARA RAO BELAMKONDA","prarr":[],"exch_prd":[{"exch":"NSE","prds":[]},{"exch":"NIPO","prds":[]},{"exch":"BSE","prds":[]},{"exch":"BSTAR","prds":[]},{"exch":"NFO","prds":[]},{"exch":"BFO","prds":[]}],"stat":"Ok","susertoken":"2a7ce8d6c2588bcf987536040adf947cfc06e9e02c526be63cf47392bb9fae0b","uid":"FA199969","brnchid":"HO","totp_set":"1","orarr":[],"exarr":["NSE","NIPO","BSE","BSTAR","NFO","BFO"],"values":[],"mws":{},"brkname":"FINV","lastaccesstime":"1783010774","lastpwdtime":"0"}
INFO:root:
Access token is : 2a7ce8d6c2588bcf987536040adf947cfc06e9e02c526be63cf47392bb9fae0b 
Refresh token is : c870f76c687f2321900436a9d7c31c310bd7faa3eb6f59ae0d2097930b7007bf 
User ID token is : FA199969 
Account ID is : FA199969 

INFO:root:{'Access_token': '2a7ce8d6c2588bcf987536040adf947cfc06e9e02c526be63cf47392bb9fae0b', 'Account_ID': 'FA199969', 'Secret_Code': 'I1Fny1fE23G9lzQAiJPAm7LQxDmj0DROC7PXHblBBECaFjy0n8n6cX0HJGQaZE02', 'UID': 'FA199969', 'client_id': 'FA199969_U', 'oauth_url': 'https://api.shoonya.com/NorenWeb/authorize/oauth'}
DEBUG:NorenRestApiPy.NorenApi:https://api.shoonya.com/NorenWClientAPI//MWList
DEBUG:NorenRestApiPy.NorenApi:jData={"ordersource": "API", "uid": "FA199969"}
DEBUG:urllib3.connectionpool:Starting new HTTPS connection (1): api.shoonya.com:443
DEBUG:urllib3.connectionpool:https://api.shoonya.com:443 "POST /NorenWClientAPI//MWList HTTP/1.1" 200 81
DEBUG:NorenRestApiPy.NorenApi:{"request_time":"22:16:20 02-07-2026","values":["3","2","5","4","1"],"stat":"Ok"}
INFO:root:watchlistname : {'request_time': '22:16:20 02-07-2026', 'values': ['3', '2', '5', '4', '1'], 'stat': 'Ok'}
Both scripts completed.
